MyApps/SQLiteCRUD2019/app/build/intermediates/manifest_merge_blame_file/debug/manifest-merger-blame-debug-report.txt
1<?xml version="1.0" encoding="utf-8"?>
2<manifest xmlns:android="http://schemas.android.com/apk/res/android"
3    package="com.example.pets"
4    android:versionCode="1"
5    android:versionName="1.0" >
6
7    <uses-sdk
8        android:minSdkVersion="15"
8-->src\main\AndroidManifest.xml
9        android:targetSdkVersion="29" />
9-->src\main\AndroidManifest.xml
10
11    <application
11-->src\main\AndroidManifest.xml:5:5-35:19
12        android:allowBackup="true"
12-->src\main\AndroidManifest.xml:6:9-35
13        android:appComponentFactory="androidx.core.app.CoreComponentFactory"
13-->[androidx.core:core:1.1.0] AndroidManifest.xml:24:18-86
14        android:debuggable="true"
15        android:icon="@mipmap/ic_launcher"
15-->src\main\AndroidManifest.xml:7:9-43
16        android:label="@string/app_name"
16-->src\main\AndroidManifest.xml:8:9-41
17        android:roundIcon="@mipmap/ic_launcher_round"
17-->src\main\AndroidManifest.xml:9:9-54
18        android:supportsRtl="true"
18-->src\main\AndroidManifest.xml:10:9-35
19        android:testOnly="true" >
20        <activity
20-->src\main\AndroidManifest.xml:11:9-94
21            android:name="com.example.pets.AboutOfActivity"
21-->src\main\AndroidManifest.xml:11:19-50
22            android:theme="@style/AppTheme" />
22-->src\main\AndroidManifest.xml:11:51-82
23        <activity
23-->src\main\AndroidManifest.xml:12:9-15:47
24            android:name="com.example.pets.UpdateActivity"
24-->src\main\AndroidManifest.xml:13:13-43
25            android:label="@string/updateuser"
25-->src\main\AndroidManifest.xml:14:13-47
26            android:theme="@style/AppTheme" />
26-->src\main\AndroidManifest.xml:15:13-44
27        <activity
27-->src\main\AndroidManifest.xml:16:9-19:47
28            android:name="com.example.pets.MainMenuActivity"
28-->src\main\AndroidManifest.xml:17:13-45
29            android:label="@string/userlist"
29-->src\main\AndroidManifest.xml:18:13-45
30            android:theme="@style/AppTheme" />
30-->src\main\AndroidManifest.xml:19:13-44
31        <activity
31-->src\main\AndroidManifest.xml:20:9-22:58
32            android:name="com.example.pets.RegisterActivity"
32-->src\main\AndroidManifest.xml:21:13-45
33            android:theme="@style/AppThemeNoActionBar" />
33-->src\main\AndroidManifest.xml:22:13-55
34        <activity
34-->src\main\AndroidManifest.xml:23:9-31:20
35            android:name="com.example.pets.LoginActivity"
35-->src\main\AndroidManifest.xml:24:13-42
36            android:theme="@style/AppThemeNoActionBar" >
36-->src\main\AndroidManifest.xml:25:13-55
37            <intent-filter>
37-->src\main\AndroidManifest.xml:26:13-30:29
38                <action android:name="android.intent.action.MAIN" />
38-->src\main\AndroidManifest.xml:27:17-69
38-->src\main\AndroidManifest.xml:27:25-66
39
40                <category android:name="android.intent.category.LAUNCHER" />
40-->src\main\AndroidManifest.xml:29:17-77
40-->src\main\AndroidManifest.xml:29:27-74
41            </intent-filter>
42        </activity>
43        <activity
43-->src\main\AndroidManifest.xml:32:9-34:58
44            android:name="com.example.pets.MainActivity"
44-->src\main\AndroidManifest.xml:33:13-41
45            android:theme="@style/AppThemeNoActionBar" />
45-->src\main\AndroidManifest.xml:34:13-55
46    </application>
47
48</manifest>